Using pre-set license
Built from '2023.2/staging' branch; Version is '2023.2.5f1 (381b4941466e) revision 3677001'; Using compiler version '193431935'; Build Type 'Release'
OS: 'Windows 11  (10.0.22631) 64bit Core' Language: 'es' Physical Memory: 32588 MB
BatchMode: 1, IsHumanControllingUs: 0, StartBugReporterOnCrash: 0, Is64bit: 1, IsPro: 1

COMMAND LINE ARGUMENTS:
C:\Program Files\Unity\Hub\Editor\2023.2.5f1\Editor\Unity.exe
-adb2
-batchMode
-noUpm
-name
AssetImportWorker0
-projectPath
D:/Proyectos Unity/My project (1)
-logFile
Logs/AssetImportWorker0.log
-srvPort
58917
-job-worker-count
5
-background-job-worker-count
8
-asset-garbage-collectors
1
Successfully changed project path to: D:/Proyectos Unity/My project (1)
D:/Proyectos Unity/My project (1)
[UnityMemory] Configuration Parameters - Can be set up in boot.config
    "memorysetup-bucket-allocator-granularity=16"
    "memorysetup-bucket-allocator-bucket-count=8"
    "memorysetup-bucket-allocator-block-size=33554432"
    "memorysetup-bucket-allocator-block-count=8"
    "memorysetup-main-allocator-block-size=16777216"
    "memorysetup-thread-allocator-block-size=16777216"
    "memorysetup-gfx-main-allocator-block-size=16777216"
    "memorysetup-gfx-thread-allocator-block-size=16777216"
    "memorysetup-cache-allocator-block-size=4194304"
    "memorysetup-typetree-allocator-block-size=2097152"
    "memorysetup-profiler-bucket-allocator-granularity=16"
    "memorysetup-profiler-bucket-allocator-bucket-count=8"
    "memorysetup-profiler-bucket-allocator-block-size=33554432"
    "memorysetup-profiler-bucket-allocator-block-count=8"
    "memorysetup-profiler-allocator-block-size=16777216"
    "memorysetup-profiler-editor-allocator-block-size=1048576"
    "memorysetup-temp-allocator-size-main=16777216"
    "memorysetup-job-temp-allocator-block-size=2097152"
    "memorysetup-job-temp-allocator-block-size-background=1048576"
    "memorysetup-job-temp-allocator-reduction-small-platforms=262144"
    "memorysetup-allocator-temp-initial-block-size-main=262144"
    "memorysetup-allocator-temp-initial-block-size-worker=262144"
    "memorysetup-temp-allocator-size-background-worker=32768"
    "memorysetup-temp-allocator-size-job-worker=262144"
    "memorysetup-temp-allocator-size-preload-manager=33554432"
    "memorysetup-temp-allocator-size-nav-mesh-worker=65536"
    "memorysetup-temp-allocator-size-audio-worker=65536"
    "memorysetup-temp-allocator-size-cloud-worker=32768"
    "memorysetup-temp-allocator-size-gi-baking-worker=262144"
    "memorysetup-temp-allocator-size-gi-baking-worker=262144"
    "memorysetup-temp-allocator-size-gi-baking-worker=262144"
    "memorysetup-temp-allocator-size-gi-baking-worker=262144"
    "memorysetup-temp-allocator-size-gfx=262144"
Player connection [31696] Host "[IP] 192.168.17.1 [Port] 0 [Flags] 2 [Guid] 4117840895 [EditorId] 4117840895 [Version] 1048832 [Id] WindowsEditor(7,Hernan) [Debug] 1 [PackageName] WindowsEditor [ProjectName] Editor" joined multi-casting on [225.0.0.222:54997]...
Player connection [31696] Host "[IP] 192.168.17.1 [Port] 0 [Flags] 2 [Guid] 4117840895 [EditorId] 4117840895 [Version] 1048832 [Id] WindowsEditor(7,Hernan) [Debug] 1 [PackageName] WindowsEditor [ProjectName] Editor" joined alternative multi-casting on [225.0.0.222:34997]...
JobSystem: Creating JobQueue using job-worker-count value 5
[Physics::Module] Initialized MultithreadedJobDispatcher with 5 workers.
Library Redirect Path: Library/
Refreshing native plugins compatible for Editor in 1.09 ms, found 3 plugins.
Preloading 0 native plugins for Editor in 0.00 ms.
Initialize engine version: 2023.2.5f1 (381b4941466e)
[Subsystems] Discovering subsystems at path C:/Program Files/Unity/Hub/Editor/2023.2.5f1/Editor/Data/Resources/UnitySubsystems
[Subsystems] Discovering subsystems at path D:/Proyectos Unity/My project (1)/Assets
GfxDevice: creating device client; kGfxThreadingModeNonThreaded
Direct3D:
    Version:  Direct3D 11.0 [level 11.1]
    Renderer: NVIDIA GeForce RTX 2060 (ID=0x1f15)
    Vendor:   NVIDIA
    VRAM:     5969 MB
    Driver:   31.0.15.4665
Initialize mono
Mono path[0] = 'C:/Program Files/Unity/Hub/Editor/2023.2.5f1/Editor/Data/Managed'
Mono path[1] = 'C:/Program Files/Unity/Hub/Editor/2023.2.5f1/Editor/Data/MonoBleedingEdge/lib/mono/unityjit-win32'
Mono config path = 'C:/Program Files/Unity/Hub/Editor/2023.2.5f1/Editor/Data/MonoBleedingEdge/etc'
Using monoOptions --debugger-agent=transport=dt_socket,embedding=1,server=y,suspend=n,address=127.0.0.1:56380
Begin MonoManager ReloadAssembly
C:\build\output\Unity-Technologies\mono\mono\metadata\icall.c:1842:
C:\build\output\Unity-Technologies\mono\mono\metadata\icall.c:1842:
C:\build\output\Unity-Technologies\mono\mono\metadata\icall.c:1842:
C:\build\output\Unity-Technologies\mono\mono\metadata\icall.c:1842:
C:\build\output\Unity-Technologies\mono\mono\metadata\icall.c:1842:
C:\build\output\Unity-Technologies\mono\mono\metadata\icall.c:1842:
C:\build\output\Unity-Technologies\mono\mono\metadata\icall.c:1842:
C:\build\output\Unity-Technologies\mono\mono\metadata\icall.c:1842:
C:\build\output\Unity-Technologies\mono\mono\metadata\icall.c:1842:
C:\build\output\Unity-Technologies\mono\mono\metadata\icall.c:1842:
Registering precompiled unity dll's ...
Register platform support module: C:/Program Files/Unity/Hub/Editor/2023.2.5f1/Editor/Data/PlaybackEngines/WindowsStandaloneSupport/UnityEditor.WindowsStandalone.Extensions.dll
Registered in 0.002794 seconds.
- Loaded All Assemblies, in  0.455 seconds
Native extension for WindowsStandalone target not found
Mono: successfully reloaded assembly
C:\build\output\Unity-Technologies\mono\mono\metadata\icall.c:1842:
C:\build\output\Unity-Technologies\mono\mono\metadata\icall.c:1842:
- Finished resetting the current domain, in  0.351 seconds
Domain Reload Profiling: 804ms
	BeginReloadAssembly (146ms)
		ExecutionOrderSort (0ms)
		DisableScriptedObjects (0ms)
		BackupInstance (0ms)
		ReleaseScriptingObjects (0ms)
		CreateAndSetChildDomain (1ms)
	RebuildCommonClasses (41ms)
	RebuildNativeTypeToScriptingClass (15ms)
	initialDomainReloadingComplete (53ms)
	LoadAllAssembliesAndSetupDomain (198ms)
		LoadAssemblies (143ms)
		RebuildTransferFunctionScriptingTraits (0ms)
		AnalyzeDomain (195ms)
			TypeCache.Refresh (193ms)
				TypeCache.ScanAssembly (178ms)
			BuildScriptInfoCaches (0ms)
			ResolveRequiredComponents (1ms)
	FinalizeReload (351ms)
		ReleaseScriptCaches (0ms)
		RebuildScriptCaches (0ms)
		SetupLoadedEditorAssemblies (288ms)
			LogAssemblyErrors (0ms)
			InitializePlatformSupportModulesInManaged (10ms)
			SetLoadedEditorAssemblies (5ms)
			BeforeProcessingInitializeOnLoad (8ms)
			ProcessInitializeOnLoadAttributes (207ms)
			ProcessInitializeOnLoadMethodAttributes (57ms)
			AfterProcessingInitializeOnLoad (0ms)
			EditorAssembliesLoaded (0ms)
		ExecutionOrderSort2 (0ms)
		AwakeInstancesAfterBackupRestoration (0ms)
========================================================================
Worker process is ready to serve import requests
Import Worker Mode flag is 0x00
Begin MonoManager ReloadAssembly
C:\build\output\Unity-Technologies\mono\mono\metadata\icall.c:1842:
C:\build\output\Unity-Technologies\mono\mono\metadata\icall.c:1842:
C:\build\output\Unity-Technologies\mono\mono\metadata\icall.c:1842:
C:\build\output\Unity-Technologies\mono\mono\metadata\icall.c:1842:
C:\build\output\Unity-Technologies\mono\mono\metadata\icall.c:1842:
C:\build\output\Unity-Technologies\mono\mono\metadata\icall.c:1842:
C:\build\output\Unity-Technologies\mono\mono\metadata\icall.c:1842:
C:\build\output\Unity-Technologies\mono\mono\metadata\icall.c:1842:
C:\build\output\Unity-Technologies\mono\mono\metadata\icall.c:1842:
C:\build\output\Unity-Technologies\mono\mono\metadata\icall.c:1842:
C:\build\output\Unity-Technologies\mono\mono\metadata\icall.c:1842:
C:\build\output\Unity-Technologies\mono\mono\metadata\icall.c:1842:
Symbol file LoadedFromMemory doesn't match image D:\Proyectos Unity\My project (1)\Library\PackageCache\com.unity.visualscripting@1.8.0\Editor\VisualScripting.Core\Dependencies\YamlDotNet\Unity.VisualScripting.YamlDotNet.dll
Symbol file LoadedFromMemory doesn't match image D:\Proyectos Unity\My project (1)\Library\PackageCache\com.unity.visualscripting@1.8.0\Editor\VisualScripting.Core\Dependencies\DotNetZip\Unity.VisualScripting.IonicZip.dll
- Loaded All Assemblies, in  0.927 seconds
Refreshing native plugins compatible for Editor in 0.74 ms, found 3 plugins.
Native extension for WindowsStandalone target not found
Mono: successfully reloaded assembly
- Finished resetting the current domain, in  0.636 seconds
Domain Reload Profiling: 1560ms
	BeginReloadAssembly (405ms)
		ExecutionOrderSort (0ms)
		DisableScriptedObjects (6ms)
		BackupInstance (0ms)
		ReleaseScriptingObjects (0ms)
		CreateAndSetChildDomain (36ms)
	RebuildCommonClasses (49ms)
	RebuildNativeTypeToScriptingClass (16ms)
	initialDomainReloadingComplete (46ms)
	LoadAllAssembliesAndSetupDomain (408ms)
		LoadAssemblies (363ms)
		RebuildTransferFunctionScriptingTraits (0ms)
		AnalyzeDomain (198ms)
			TypeCache.Refresh (170ms)
				TypeCache.ScanAssembly (152ms)
			BuildScriptInfoCaches (21ms)
			ResolveRequiredComponents (4ms)
	FinalizeReload (637ms)
		ReleaseScriptCaches (0ms)
		RebuildScriptCaches (0ms)
		SetupLoadedEditorAssemblies (415ms)
			LogAssemblyErrors (0ms)
			InitializePlatformSupportModulesInManaged (2ms)
			SetLoadedEditorAssemblies (5ms)
			BeforeProcessingInitializeOnLoad (40ms)
			ProcessInitializeOnLoadAttributes (339ms)
			ProcessInitializeOnLoadMethodAttributes (24ms)
			AfterProcessingInitializeOnLoad (5ms)
			EditorAssembliesLoaded (0ms)
		ExecutionOrderSort2 (0ms)
		AwakeInstancesAfterBackupRestoration (6ms)
Launched and connected shader compiler UnityShaderCompiler.exe after 0.01 seconds
Refreshing native plugins compatible for Editor in 1.06 ms, found 3 plugins.
Preloading 0 native plugins for Editor in 0.00 ms.
Unloading 9 Unused Serialized files (Serialized files now loaded: 0)
Unloading 3131 unused Assets / (1.1 MB). Loaded Objects now: 3687.
Memory consumption went from 115.2 MB to 114.2 MB.
Total: 5.567700 ms (FindLiveObjects: 0.374200 ms CreateObjectMapping: 0.466700 ms MarkObjects: 3.824200 ms  DeleteObjects: 0.901500 ms)

========================================================================
Received Import Request.
  Time since last request: 424622.512849 seconds.
  path: Assets/Sci-Fi Styled Modular Pack/Models
  artifactKey: Guid(5902297ebb0c5f34ca42aeca563efee0) Importer(815301076,1909f56bfc062723c751e8b465ee728b)
Start importing Assets/Sci-Fi Styled Modular Pack/Models using Guid(5902297ebb0c5f34ca42aeca563efee0) Importer(815301076,1909f56bfc062723c751e8b465ee728b) (PreviewImporter) -> (artifact id: 'a72ba34bfb6dae20e0b5bce2e0ebcb04') in 0.0046935 seconds
Number of updated asset objects reloaded before import = 0Number of asset objects unloaded after import = 0

========================================================================
Received Import Request.
  Time since last request: 0.418380 seconds.
  path: Assets/Sci-Fi Styled Modular Pack/Materials
  artifactKey: Guid(cdd317393a892a442866c01c1e103e34) Importer(815301076,1909f56bfc062723c751e8b465ee728b)
Start importing Assets/Sci-Fi Styled Modular Pack/Materials using Guid(cdd317393a892a442866c01c1e103e34) Importer(815301076,1909f56bfc062723c751e8b465ee728b) (PreviewImporter) -> (artifact id: '4ef39fd3cbbf576042ad58a8ca799ecc') in 0.000463 seconds
Number of updated asset objects reloaded before import = 0Number of asset objects unloaded after import = 0

========================================================================
Received Import Request.
  Time since last request: 0.284703 seconds.
  path: Assets/Sci-Fi Styled Modular Pack/Example scenes
  artifactKey: Guid(c3044d2c539506749a9607c66c189c14) Importer(815301076,1909f56bfc062723c751e8b465ee728b)
Start importing Assets/Sci-Fi Styled Modular Pack/Example scenes using Guid(c3044d2c539506749a9607c66c189c14) Importer(815301076,1909f56bfc062723c751e8b465ee728b) (PreviewImporter) -> (artifact id: '3453c1cfd6d42c7a38a118e9a78d4731') in 0.0004429 seconds
Number of updated asset objects reloaded before import = 0Number of asset objects unloaded after import = 0

========================================================================
Received Import Request.
  Time since last request: 0.586575 seconds.
  path: Assets/Sci-Fi Styled Modular Pack/Example scenes/outpost on desert.unity
  artifactKey: Guid(b42ca4c5c936383429d2318c931f7ad2) Importer(815301076,1909f56bfc062723c751e8b465ee728b)
Start importing Assets/Sci-Fi Styled Modular Pack/Example scenes/outpost on desert.unity using Guid(b42ca4c5c936383429d2318c931f7ad2) Importer(815301076,1909f56bfc062723c751e8b465ee728b) (PreviewImporter) -> (artifact id: 'ff881fbea905cafd399a6efddb6c8cde') in 0.0004409 seconds
Number of updated asset objects reloaded before import = 0Number of asset objects unloaded after import = 0

========================================================================
Received Import Request.
  Time since last request: 1.043642 seconds.
  path: Assets/Sci-Fi Styled Modular Pack/Example scenes/outpost with snow.unity
  artifactKey: Guid(e8cf1d29775c7e24f9dd35148a6437c0) Importer(815301076,1909f56bfc062723c751e8b465ee728b)
Start importing Assets/Sci-Fi Styled Modular Pack/Example scenes/outpost with snow.unity using Guid(e8cf1d29775c7e24f9dd35148a6437c0) Importer(815301076,1909f56bfc062723c751e8b465ee728b) (PreviewImporter) -> (artifact id: 'cd7c20f02bc1764dc9f7ad43ff5272d8') in 0.0004783 seconds
Number of updated asset objects reloaded before import = 0Number of asset objects unloaded after import = 0

========================================================================
Received Import Request.
  Time since last request: 101.169707 seconds.
  path: Assets
  artifactKey: Guid(00000000000000001000000000000000) Importer(815301076,1909f56bfc062723c751e8b465ee728b)
Start importing Assets using Guid(00000000000000001000000000000000) Importer(815301076,1909f56bfc062723c751e8b465ee728b) (PreviewImporter) -> (artifact id: 'f34163397d7a73dad3366c662ac23692') in 0.0007119 seconds
Number of updated asset objects reloaded before import = 0Number of asset objects unloaded after import = 0

========================================================================
Received Import Request.
  Time since last request: 1242.618427 seconds.
  path: Assets/Sci-Fi Styled Modular Pack/Animations/glass_door_close.anim
  artifactKey: Guid(40faa0999e90a07488289732acbacac4) Importer(815301076,1909f56bfc062723c751e8b465ee728b)
Start importing Assets/Sci-Fi Styled Modular Pack/Animations/glass_door_close.anim using Guid(40faa0999e90a07488289732acbacac4) Importer(815301076,1909f56bfc062723c751e8b465ee728b) (PreviewImporter) -> (artifact id: '4c1a961ac25bad532ad92600fb03da0c') in 0.0151527 seconds
Number of updated asset objects reloaded before import = 0Number of asset objects unloaded after import = 1

========================================================================
Received Import Request.
  Time since last request: 1.495651 seconds.
  path: Assets/Sci-Fi Styled Modular Pack/Animations/glass_panel_1_with_door.controller
  artifactKey: Guid(f602bc4d8fe1a744ca7ea8d4ec0871ad) Importer(815301076,1909f56bfc062723c751e8b465ee728b)
Start importing Assets/Sci-Fi Styled Modular Pack/Animations/glass_panel_1_with_door.controller using Guid(f602bc4d8fe1a744ca7ea8d4ec0871ad) Importer(815301076,1909f56bfc062723c751e8b465ee728b) (PreviewImporter) -> (artifact id: '272fef5b21b1b46d393b76d91fc1edaa') in 0.0029142 seconds
Number of updated asset objects reloaded before import = 0Number of asset objects unloaded after import = 14

========================================================================
Received Import Request.
  Time since last request: 0.678333 seconds.
  path: Assets/Sci-Fi Styled Modular Pack/Animations/glass_door_opened.anim
  artifactKey: Guid(131b4130ff95e2741a8a06898318756f) Importer(815301076,1909f56bfc062723c751e8b465ee728b)
Start importing Assets/Sci-Fi Styled Modular Pack/Animations/glass_door_opened.anim using Guid(131b4130ff95e2741a8a06898318756f) Importer(815301076,1909f56bfc062723c751e8b465ee728b) (PreviewImporter) -> (artifact id: 'c4799a6b91adf6685818125bf681acda') in 0.0008909 seconds
Number of updated asset objects reloaded before import = 0Number of asset objects unloaded after import = 1

========================================================================
Received Import Request.
  Time since last request: 0.811380 seconds.
  path: Assets/Sci-Fi Styled Modular Pack/Animations/glass_door_open.anim
  artifactKey: Guid(e4a7d3a2e475e6543994756f695d34ce) Importer(815301076,1909f56bfc062723c751e8b465ee728b)
Start importing Assets/Sci-Fi Styled Modular Pack/Animations/glass_door_open.anim using Guid(e4a7d3a2e475e6543994756f695d34ce) Importer(815301076,1909f56bfc062723c751e8b465ee728b) (PreviewImporter) -> (artifact id: '40c273d9e8cdbdc15fcb7a8d79e12f74') in 0.0008572 seconds
Number of updated asset objects reloaded before import = 0Number of asset objects unloaded after import = 1

========================================================================
Received Import Request.
  Time since last request: 0.544567 seconds.
  path: Assets/Sci-Fi Styled Modular Pack/Animations/glass_door_closed.anim
  artifactKey: Guid(308340e065945a047805a1d420547940) Importer(815301076,1909f56bfc062723c751e8b465ee728b)
Start importing Assets/Sci-Fi Styled Modular Pack/Animations/glass_door_closed.anim using Guid(308340e065945a047805a1d420547940) Importer(815301076,1909f56bfc062723c751e8b465ee728b) (PreviewImporter) -> (artifact id: '4eb4fccdd19ab2e94adeb6795ee77ff8') in 0.0010185 seconds
Number of updated asset objects reloaded before import = 0Number of asset objects unloaded after import = 1

========================================================================
Received Import Request.
  Time since last request: 0.677522 seconds.
  path: Assets/Sci-Fi Styled Modular Pack/Animations/frame_door_3.controller
  artifactKey: Guid(a8a41d09ed1b9f14f9c4c9b21bc93d8a) Importer(815301076,1909f56bfc062723c751e8b465ee728b)
Start importing Assets/Sci-Fi Styled Modular Pack/Animations/frame_door_3.controller using Guid(a8a41d09ed1b9f14f9c4c9b21bc93d8a) Importer(815301076,1909f56bfc062723c751e8b465ee728b) (PreviewImporter) -> (artifact id: '8c6cc303e1987df313e21d80070e2412') in 0.0033204 seconds
Number of updated asset objects reloaded before import = 0Number of asset objects unloaded after import = 14

========================================================================
Received Import Request.
  Time since last request: 0.648685 seconds.
  path: Assets/Sci-Fi Styled Modular Pack/Animations/frame_door_2.controller
  artifactKey: Guid(4195026f5c9772c40a9e4ebd5d4c6e08) Importer(815301076,1909f56bfc062723c751e8b465ee728b)
Start importing Assets/Sci-Fi Styled Modular Pack/Animations/frame_door_2.controller using Guid(4195026f5c9772c40a9e4ebd5d4c6e08) Importer(815301076,1909f56bfc062723c751e8b465ee728b) (PreviewImporter) -> (artifact id: '773e05fb0c7619ba78c5ccde5a3e9486') in 0.0028121 seconds
Number of updated asset objects reloaded before import = 0Number of asset objects unloaded after import = 14

========================================================================
Received Import Request.
  Time since last request: 88.852545 seconds.
  path: Assets/Sci_Fi_Character_08
  artifactKey: Guid(5593af024f6082141b312dc74ce1ece6) Importer(815301076,1909f56bfc062723c751e8b465ee728b)
Start importing Assets/Sci_Fi_Character_08 using Guid(5593af024f6082141b312dc74ce1ece6) Importer(815301076,1909f56bfc062723c751e8b465ee728b) (PreviewImporter) -> (artifact id: '8b39dc050509e2e8d88f316c5282e530') in 0.0004075 seconds
Number of updated asset objects reloaded before import = 0Number of asset objects unloaded after import = 0

========================================================================
Received Import Request.
  Time since last request: 0.489735 seconds.
  path: Assets/Sci_Fi_Character_08/Prefabs
  artifactKey: Guid(35c404ffea5a03d47a9638a8efeb470e) Importer(815301076,1909f56bfc062723c751e8b465ee728b)
Start importing Assets/Sci_Fi_Character_08/Prefabs using Guid(35c404ffea5a03d47a9638a8efeb470e) Importer(815301076,1909f56bfc062723c751e8b465ee728b) (PreviewImporter) -> (artifact id: '5d4db7f503b6569da445ad428014f019') in 0.0004242 seconds
Number of updated asset objects reloaded before import = 0Number of asset objects unloaded after import = 0

========================================================================
Received Import Request.
  Time since last request: 1.509799 seconds.
  path: Assets/Sci_Fi_Character_08/Prefabs/Sci_Fi_Character_08_01.prefab
  artifactKey: Guid(bc0db8f04b753bd49b7f06ae6ab40513) Importer(815301076,1909f56bfc062723c751e8b465ee728b)
Start importing Assets/Sci_Fi_Character_08/Prefabs/Sci_Fi_Character_08_01.prefab using Guid(bc0db8f04b753bd49b7f06ae6ab40513) Importer(815301076,1909f56bfc062723c751e8b465ee728b) (PreviewImporter) -> (artifact id: 'e9d4f51f109e8639d22c3116a8ce518f') in 0.5397421 seconds
Number of updated asset objects reloaded before import = 0Number of asset objects unloaded after import = 186

========================================================================
Received Import Request.
  Time since last request: 0.000032 seconds.
  path: Assets/Sci_Fi_Character_08/Prefabs/Sci_Fi_Character_08_Arms_01.prefab
  artifactKey: Guid(26591ba8c34c9bb4aaa4c520c5d6dc5c) Importer(815301076,1909f56bfc062723c751e8b465ee728b)
Start importing Assets/Sci_Fi_Character_08/Prefabs/Sci_Fi_Character_08_Arms_01.prefab using Guid(26591ba8c34c9bb4aaa4c520c5d6dc5c) Importer(815301076,1909f56bfc062723c751e8b465ee728b) (PreviewImporter) -> (artifact id: '68be432c4363168ed6b36a7ad6cac939') in 0.091872 seconds
Number of updated asset objects reloaded before import = 0Number of asset objects unloaded after import = 126

========================================================================
Received Import Request.
  Time since last request: 0.000058 seconds.
  path: Assets/Sci_Fi_Character_08/Prefabs/Sci_Fi_Character_08_Arms_03.prefab
  artifactKey: Guid(537d00b2f279aaf47b00952f460a86ec) Importer(815301076,1909f56bfc062723c751e8b465ee728b)
Start importing Assets/Sci_Fi_Character_08/Prefabs/Sci_Fi_Character_08_Arms_03.prefab using Guid(537d00b2f279aaf47b00952f460a86ec) Importer(815301076,1909f56bfc062723c751e8b465ee728b) (PreviewImporter) -> (artifact id: '58636fd9a29ea15af966d21452f07100') in 0.07641 seconds
Number of updated asset objects reloaded before import = 0Number of asset objects unloaded after import = 126

========================================================================
Received Import Request.
  Time since last request: 0.000037 seconds.
  path: Assets/Sci_Fi_Character_08/Prefabs/Sci_Fi_Character_08_03.prefab
  artifactKey: Guid(713912b46b0763b49a839f8b18f51cb5) Importer(815301076,1909f56bfc062723c751e8b465ee728b)
Start importing Assets/Sci_Fi_Character_08/Prefabs/Sci_Fi_Character_08_03.prefab using Guid(713912b46b0763b49a839f8b18f51cb5) Importer(815301076,1909f56bfc062723c751e8b465ee728b) (PreviewImporter) -> (artifact id: 'dd65a388295b80e86ad9dda5fa64cfd1') in 0.2083009 seconds
Number of updated asset objects reloaded before import = 0Number of asset objects unloaded after import = 188

========================================================================
Received Import Request.
  Time since last request: 0.000023 seconds.
  path: Assets/Sci_Fi_Character_08/Prefabs/Sci_Fi_Character_08_05.prefab
  artifactKey: Guid(ef08fd27d8427954d9eefb5697f2255b) Importer(815301076,1909f56bfc062723c751e8b465ee728b)
Start importing Assets/Sci_Fi_Character_08/Prefabs/Sci_Fi_Character_08_05.prefab using Guid(ef08fd27d8427954d9eefb5697f2255b) Importer(815301076,1909f56bfc062723c751e8b465ee728b) (PreviewImporter) -> (artifact id: '990cc34aadf4c8a88058c2dabf5a3097') in 0.2057167 seconds
Number of updated asset objects reloaded before import = 0Number of asset objects unloaded after import = 190

========================================================================
Received Import Request.
  Time since last request: 0.000035 seconds.
  path: Assets/Sci_Fi_Character_08/Prefabs/Sci_Fi_Character_08_04.prefab
  artifactKey: Guid(fbd1559eb2f1e64458bb4d1e096337fc) Importer(815301076,1909f56bfc062723c751e8b465ee728b)
Start importing Assets/Sci_Fi_Character_08/Prefabs/Sci_Fi_Character_08_04.prefab using Guid(fbd1559eb2f1e64458bb4d1e096337fc) Importer(815301076,1909f56bfc062723c751e8b465ee728b) (PreviewImporter) -> (artifact id: 'dc406a891495d9834751feffe7e4c804') in 0.1888386 seconds
Number of updated asset objects reloaded before import = 0Number of asset objects unloaded after import = 188

========================================================================
Received Import Request.
  Time since last request: 0.000019 seconds.
  path: Assets/Sci_Fi_Character_08/Prefabs/Sniper_Rifle_02.prefab
  artifactKey: Guid(a75114f4b1296c746833e494583633b8) Importer(815301076,1909f56bfc062723c751e8b465ee728b)
Start importing Assets/Sci_Fi_Character_08/Prefabs/Sniper_Rifle_02.prefab using Guid(a75114f4b1296c746833e494583633b8) Importer(815301076,1909f56bfc062723c751e8b465ee728b) (PreviewImporter) -> (artifact id: 'eae0856b651bf6e13f8804c3b1248d6d') in 0.4536357 seconds
Number of updated asset objects reloaded before import = 0Number of asset objects unloaded after import = 78

========================================================================
Received Prepare
Begin MonoManager ReloadAssembly
C:\build\output\Unity-Technologies\mono\mono\metadata\icall.c:1842:
C:\build\output\Unity-Technologies\mono\mono\metadata\icall.c:1842:
C:\build\output\Unity-Technologies\mono\mono\metadata\icall.c:1842:
C:\build\output\Unity-Technologies\mono\mono\metadata\icall.c:1842:
C:\build\output\Unity-Technologies\mono\mono\metadata\icall.c:1842:
C:\build\output\Unity-Technologies\mono\mono\metadata\icall.c:1842:
C:\build\output\Unity-Technologies\mono\mono\metadata\icall.c:1842:
C:\build\output\Unity-Technologies\mono\mono\metadata\icall.c:1842:
C:\build\output\Unity-Technologies\mono\mono\metadata\icall.c:1842:
C:\build\output\Unity-Technologies\mono\mono\metadata\icall.c:1842:
C:\build\output\Unity-Technologies\mono\mono\metadata\icall.c:1842:
C:\build\output\Unity-Technologies\mono\mono\metadata\icall.c:1842:
Symbol file LoadedFromMemory doesn't match image D:\Proyectos Unity\My project (1)\Library\PackageCache\com.unity.visualscripting@1.8.0\Editor\VisualScripting.Core\Dependencies\YamlDotNet\Unity.VisualScripting.YamlDotNet.dll
Symbol file LoadedFromMemory doesn't match image D:\Proyectos Unity\My project (1)\Library\PackageCache\com.unity.visualscripting@1.8.0\Editor\VisualScripting.Core\Dependencies\DotNetZip\Unity.VisualScripting.IonicZip.dll
- Loaded All Assemblies, in  0.658 seconds
Refreshing native plugins compatible for Editor in 0.98 ms, found 3 plugins.
Native extension for WindowsStandalone target not found
Mono: successfully reloaded assembly
- Finished resetting the current domain, in  0.664 seconds
Domain Reload Profiling: 1322ms
	BeginReloadAssembly (226ms)
		ExecutionOrderSort (0ms)
		DisableScriptedObjects (5ms)
		BackupInstance (0ms)
		ReleaseScriptingObjects (0ms)
		CreateAndSetChildDomain (57ms)
	RebuildCommonClasses (39ms)
	RebuildNativeTypeToScriptingClass (20ms)
	initialDomainReloadingComplete (28ms)
	LoadAllAssembliesAndSetupDomain (345ms)
		LoadAssemblies (302ms)
		RebuildTransferFunctionScriptingTraits (0ms)
		AnalyzeDomain (165ms)
			TypeCache.Refresh (7ms)
				TypeCache.ScanAssembly (0ms)
			BuildScriptInfoCaches (151ms)
			ResolveRequiredComponents (4ms)
	FinalizeReload (665ms)
		ReleaseScriptCaches (0ms)
		RebuildScriptCaches (0ms)
		SetupLoadedEditorAssemblies (427ms)
			LogAssemblyErrors (0ms)
			InitializePlatformSupportModulesInManaged (3ms)
			SetLoadedEditorAssemblies (6ms)
			BeforeProcessingInitializeOnLoad (45ms)
			ProcessInitializeOnLoadAttributes (340ms)
			ProcessInitializeOnLoadMethodAttributes (26ms)
			AfterProcessingInitializeOnLoad (7ms)
			EditorAssembliesLoaded (0ms)
		ExecutionOrderSort2 (0ms)
		AwakeInstancesAfterBackupRestoration (10ms)
Refreshing native plugins compatible for Editor in 0.68 ms, found 3 plugins.
Preloading 0 native plugins for Editor in 0.00 ms.
Unloading 0 Unused Serialized files (Serialized files now loaded: 0)
Unloading 3129 unused Assets / (0.9 MB). Loaded Objects now: 3699.
Memory consumption went from 126.7 MB to 125.8 MB.
Total: 5.849500 ms (FindLiveObjects: 0.764600 ms CreateObjectMapping: 0.532000 ms MarkObjects: 3.703600 ms  DeleteObjects: 0.847900 ms)

Prepare: number of updated asset objects reloaded= 0
========================================================================
Received Import Request.
  Time since last request: 75.060220 seconds.
  path: Assets/Sci_Fi_Character_08/Mesh/Sci_Fi_Character_08_Arms.FBX
  artifactKey: Guid(e88dcd6540285124689c0a7131b21fbe) Importer(815301076,1909f56bfc062723c751e8b465ee728b)
Start importing Assets/Sci_Fi_Character_08/Mesh/Sci_Fi_Character_08_Arms.FBX using Guid(e88dcd6540285124689c0a7131b21fbe) Importer(815301076,1909f56bfc062723c751e8b465ee728b) (PreviewImporter) -> (artifact id: '45ac5204c38abcfbc7e57654e32b1e9a') in 0.5694864 seconds
Number of updated asset objects reloaded before import = 0Number of asset objects unloaded after import = 123

========================================================================
Received Import Request.
  Time since last request: 0.000029 seconds.
  path: Assets/Sci_Fi_Character_08/Mesh/Sniper_Rifle.FBX
  artifactKey: Guid(7a87af26307813a499463f5a002b764d) Importer(815301076,1909f56bfc062723c751e8b465ee728b)
Start importing Assets/Sci_Fi_Character_08/Mesh/Sniper_Rifle.FBX using Guid(7a87af26307813a499463f5a002b764d) Importer(815301076,1909f56bfc062723c751e8b465ee728b) (PreviewImporter) -> (artifact id: '37938ce7533f68c9f65bce87d4940676') in 0.1304027 seconds
Number of updated asset objects reloaded before import = 0Number of asset objects unloaded after import = 72

========================================================================
Received Prepare
Begin MonoManager ReloadAssembly
C:\build\output\Unity-Technologies\mono\mono\metadata\icall.c:1842:
C:\build\output\Unity-Technologies\mono\mono\metadata\icall.c:1842:
C:\build\output\Unity-Technologies\mono\mono\metadata\icall.c:1842:
C:\build\output\Unity-Technologies\mono\mono\metadata\icall.c:1842:
C:\build\output\Unity-Technologies\mono\mono\metadata\icall.c:1842:
C:\build\output\Unity-Technologies\mono\mono\metadata\icall.c:1842:
C:\build\output\Unity-Technologies\mono\mono\metadata\icall.c:1842:
C:\build\output\Unity-Technologies\mono\mono\metadata\icall.c:1842:
C:\build\output\Unity-Technologies\mono\mono\metadata\icall.c:1842:
C:\build\output\Unity-Technologies\mono\mono\metadata\icall.c:1842:
C:\build\output\Unity-Technologies\mono\mono\metadata\icall.c:1842:
C:\build\output\Unity-Technologies\mono\mono\metadata\icall.c:1842:
Symbol file LoadedFromMemory doesn't match image D:\Proyectos Unity\My project (1)\Library\PackageCache\com.unity.visualscripting@1.8.0\Editor\VisualScripting.Core\Dependencies\YamlDotNet\Unity.VisualScripting.YamlDotNet.dll
Symbol file LoadedFromMemory doesn't match image D:\Proyectos Unity\My project (1)\Library\PackageCache\com.unity.visualscripting@1.8.0\Editor\VisualScripting.Core\Dependencies\DotNetZip\Unity.VisualScripting.IonicZip.dll
- Loaded All Assemblies, in  0.604 seconds
Refreshing native plugins compatible for Editor in 0.90 ms, found 3 plugins.
Native extension for WindowsStandalone target not found
Mono: successfully reloaded assembly
- Finished resetting the current domain, in  0.701 seconds
Domain Reload Profiling: 1304ms
	BeginReloadAssembly (213ms)
		ExecutionOrderSort (0ms)
		DisableScriptedObjects (5ms)
		BackupInstance (0ms)
		ReleaseScriptingObjects (0ms)
		CreateAndSetChildDomain (48ms)
	RebuildCommonClasses (37ms)
	RebuildNativeTypeToScriptingClass (15ms)
	initialDomainReloadingComplete (31ms)
	LoadAllAssembliesAndSetupDomain (308ms)
		LoadAssemblies (296ms)
		RebuildTransferFunctionScriptingTraits (0ms)
		AnalyzeDomain (132ms)
			TypeCache.Refresh (6ms)
				TypeCache.ScanAssembly (0ms)
			BuildScriptInfoCaches (118ms)
			ResolveRequiredComponents (5ms)
	FinalizeReload (701ms)
		ReleaseScriptCaches (0ms)
		RebuildScriptCaches (0ms)
		SetupLoadedEditorAssemblies (457ms)
			LogAssemblyErrors (0ms)
			InitializePlatformSupportModulesInManaged (3ms)
			SetLoadedEditorAssemblies (6ms)
			BeforeProcessingInitializeOnLoad (48ms)
			ProcessInitializeOnLoadAttributes (367ms)
			ProcessInitializeOnLoadMethodAttributes (26ms)
			AfterProcessingInitializeOnLoad (6ms)
			EditorAssembliesLoaded (0ms)
		ExecutionOrderSort2 (0ms)
		AwakeInstancesAfterBackupRestoration (9ms)
Refreshing native plugins compatible for Editor in 1.02 ms, found 3 plugins.
Preloading 0 native plugins for Editor in 0.00 ms.
Unloading 0 Unused Serialized files (Serialized files now loaded: 0)
Unloading 3129 unused Assets / (0.9 MB). Loaded Objects now: 3735.
Memory consumption went from 128.9 MB to 128.0 MB.
Total: 7.792400 ms (FindLiveObjects: 0.538400 ms CreateObjectMapping: 0.554100 ms MarkObjects: 4.874200 ms  DeleteObjects: 1.824500 ms)

Prepare: number of updated asset objects reloaded= 0
========================================================================
Received Import Request.
  Time since last request: 93.468696 seconds.
  path: Assets/Sci_Fi_Character_08/Textures/Body/Sci_Fi_Character_08_Body_Albedo_02.tga
  artifactKey: Guid(610982d2acf7703448e70769dbda9ac7) Importer(815301076,1909f56bfc062723c751e8b465ee728b)
Start importing Assets/Sci_Fi_Character_08/Textures/Body/Sci_Fi_Character_08_Body_Albedo_02.tga using Guid(610982d2acf7703448e70769dbda9ac7) Importer(815301076,1909f56bfc062723c751e8b465ee728b) (PreviewImporter) -> (artifact id: 'de841a54b5255d4e5dd007bf897b3160') in 0.0922421 seconds
Number of updated asset objects reloaded before import = 0Number of asset objects unloaded after import = 2

========================================================================
Received Import Request.
  Time since last request: 0.000019 seconds.
  path: Assets/Sci_Fi_Character_08/Textures/Body/Sci_Fi_Character_08_Body_Albedo_03.tga
  artifactKey: Guid(285ef96cde3e1c34c91cd66be85d17d1) Importer(815301076,1909f56bfc062723c751e8b465ee728b)
Start importing Assets/Sci_Fi_Character_08/Textures/Body/Sci_Fi_Character_08_Body_Albedo_03.tga using Guid(285ef96cde3e1c34c91cd66be85d17d1) Importer(815301076,1909f56bfc062723c751e8b465ee728b) (PreviewImporter) -> (artifact id: 'd53385dcf69d741c2881e31f7e057d0b') in 0.033933 seconds
Number of updated asset objects reloaded before import = 0Number of asset objects unloaded after import = 2

========================================================================
Received Import Request.
  Time since last request: 0.000025 seconds.
  path: Assets/Sci_Fi_Character_08/Textures/Body/Sci_Fi_Character_08_Body_Ao.tga
  artifactKey: Guid(539d6981079fab8489367de1ca988d59) Importer(815301076,1909f56bfc062723c751e8b465ee728b)
Start importing Assets/Sci_Fi_Character_08/Textures/Body/Sci_Fi_Character_08_Body_Ao.tga using Guid(539d6981079fab8489367de1ca988d59) Importer(815301076,1909f56bfc062723c751e8b465ee728b) (PreviewImporter) -> (artifact id: 'c57a5ddf80a7c8448d2b78c857f8353d') in 0.0256532 seconds
Number of updated asset objects reloaded before import = 0Number of asset objects unloaded after import = 2

========================================================================
Received Import Request.
  Time since last request: 0.000017 seconds.
  path: Assets/Sci_Fi_Character_08/Textures/Body/Sci_Fi_Character_08_Body_Metallic.tga
  artifactKey: Guid(f06b32e878eec2941af22a69f83adf29) Importer(815301076,1909f56bfc062723c751e8b465ee728b)
Start importing Assets/Sci_Fi_Character_08/Textures/Body/Sci_Fi_Character_08_Body_Metallic.tga using Guid(f06b32e878eec2941af22a69f83adf29) Importer(815301076,1909f56bfc062723c751e8b465ee728b) (PreviewImporter) -> (artifact id: '90c263ff246ad7f8c1fe638d5a27d02f') in 0.0358049 seconds
Number of updated asset objects reloaded before import = 0Number of asset objects unloaded after import = 2

========================================================================
Received Import Request.
  Time since last request: 30.436249 seconds.
  path: Assets/Sci_Fi_Character_08/Materials/Body/Sci_Fi_Character_08_Body_02.mat
  artifactKey: Guid(b40c38720e30a9f4ab9477a1291f5c21) Importer(815301076,1909f56bfc062723c751e8b465ee728b)
Start importing Assets/Sci_Fi_Character_08/Materials/Body/Sci_Fi_Character_08_Body_02.mat using Guid(b40c38720e30a9f4ab9477a1291f5c21) Importer(815301076,1909f56bfc062723c751e8b465ee728b) (PreviewImporter) -> (artifact id: '33629c28857de997a71f41ff491ee329') in 0.1281911 seconds
Number of updated asset objects reloaded before import = 0Number of asset objects unloaded after import = 6

========================================================================
Received Prepare
Refreshing native plugins compatible for Editor in 0.68 ms, found 3 plugins.
Preloading 0 native plugins for Editor in 0.00 ms.
Unloading 0 Unused Serialized files (Serialized files now loaded: 0)
Unloading 3125 unused Assets / (0.8 MB). Loaded Objects now: 3739.
Memory consumption went from 129.2 MB to 128.4 MB.
Total: 5.942100 ms (FindLiveObjects: 0.406600 ms CreateObjectMapping: 0.385900 ms MarkObjects: 4.185800 ms  DeleteObjects: 0.963000 ms)

Prepare: number of updated asset objects reloaded= 0
Editor requested this worker to shutdown with reason: Scaling down because of idle timeout
AssetImportWorker is now disconnected from the server
Process exiting
Exiting without the bug reporter. Application will terminate with return code 0